Performing C SOURCE FILE Test CMAKE_HAVE_LIBC_PTHREAD failed with the following output:
Change Dir: /home/caiqidong/安装包/ROS库/VINS-Fusion/vins_estimator/cmake-build-debug/CMakeFiles/CMakeScratch/TryCompile-cKrD7G

Run Build Command(s):/opt/clion-2023.1.1/bin/ninja/linux/x64/ninja cmTC_3013c && [1/2] Building C object CMakeFiles/cmTC_3013c.dir/src.c.o
[2/2] Linking C executable cmTC_3013c
FAILED: cmTC_3013c 
: && /usr/bin/cc  -rdynamic CMakeFiles/cmTC_3013c.dir/src.c.o -o cmTC_3013c   && :
/usr/bin/ld: CMakeFiles/cmTC_3013c.dir/src.c.o: in function `main':
src.c:(.text+0x46): undefined reference to `pthread_create'
/usr/bin/ld: src.c:(.text+0x52): undefined reference to `pthread_detach'
/usr/bin/ld: src.c:(.text+0x5e): undefined reference to `pthread_cancel'
/usr/bin/ld: src.c:(.text+0x6f): undefined reference to `pthread_join'
collect2: error: ld returned 1 exit status
ninja: build stopped: subcommand failed.


Source file was:
#include <pthread.h>

static void* test_func(void* data)
{
  return data;
}

int main(void)
{
  pthread_t thread;
  pthread_create(&thread, NULL, test_func, NULL);
  pthread_detach(thread);
  pthread_cancel(thread);
  pthread_join(thread, NULL);
  pthread_atfork(NULL, NULL, NULL);
  pthread_exit(NULL);

  return 0;
}


Determining if the function pthread_create exists in the pthreads failed with the following output:
Change Dir: /home/caiqidong/安装包/ROS库/VINS-Fusion/vins_estimator/cmake-build-debug/CMakeFiles/CMakeScratch/TryCompile-Dn55UF

Run Build Command(s):/opt/clion-2023.1.1/bin/ninja/linux/x64/ninja cmTC_67e84 && [1/2] Building C object CMakeFiles/cmTC_67e84.dir/CheckFunctionExists.c.o
[2/2] Linking C executable cmTC_67e84
FAILED: cmTC_67e84 
: && /usr/bin/cc -DCHECK_FUNCTION_EXISTS=pthread_create -rdynamic CMakeFiles/cmTC_67e84.dir/CheckFunctionExists.c.o -o cmTC_67e84  -lpthreads && :
/usr/bin/ld: 找不到 -lpthreads
collect2: error: ld returned 1 exit status
ninja: build stopped: subcommand failed.



